Flutter crash report.
Please report a bug at https://github.com/flutter/flutter/issues.

## command

flutter run --flavor development --target lib/main_development.dart

## exception

_CastError: Null check operator used on a null value

```
#0      HotRunner._resetDirtyAssets (package:flutter_tools/src/run_hot.dart:497:20)
#1      HotRunner._restartFromSources (package:flutter_tools/src/run_hot.dart:565:5)
<asynchronous suspension>
#2      HotRunner._fullRestartHelper (package:flutter_tools/src/run_hot.dart:754:16)
<asynchronous suspension>
#3      HotRunner.restart (package:flutter_tools/src/run_hot.dart:694:38)
<asynchronous suspension>
#4      TerminalHandler._commonTerminalInputHandler (package:flutter_tools/src/resident_runner.dart:1699:40)
<asynchronous suspension>
#5      TerminalHandler.processTerminalInput (package:flutter_tools/src/resident_runner.dart:1739:7)
<asynchronous suspension>
```

## flutter doctor

```
[✓] Flutter (Channel stable, 3.3.4, on macOS 12.6
    21G115 darwin-arm, locale ko-KR)
    • Flutter version 3.3.4 on channel stable at
      /Users/benny/DEVROOT/FLUTTER/sdk2.5.2
    • Upstream repository
      https://github.com/flutter/flutter.git
    • Framework revision eb6d86ee27 (11 days ago),
      2022-10-04 22:31:45 -0700
    • Engine revision c08d7d5efc
    • Dart version 2.18.2
    • DevTools version 2.15.0

[✓] Android toolchain - develop for Android devices
    (Android SDK version 31.0.0)
    • Android SDK at
      /Users/benny/Library/Android/sdk
    • Platform android-33, build-tools 31.0.0
    • ANDROID_HOME =
      /Users/benny/Library/Android/sdk
    • Java binary at: /Applications/Android
      Studio.app/Contents/jre/Contents/Home/bin/jav
      a
    • Java version OpenJDK Runtime Environment
      (build 11.0.12+0-b1504.28-7817840)
    • All Android licenses accepted.

[✓] Xcode - develop for iOS and macOS (Xcode
    14.0.1)
    • Xcode at
      /Applications/Xcode.app/Contents/Developer
    • Build 14A400
    • CocoaPods version 1.11.3

[✓] Chrome - develop for the web
    • Chrome at /Applications/Google
      Chrome.app/Contents/MacOS/Google Chrome

[✓] Android Studio (version 2021.2)
    • Android Studio at /Applications/Android
      Studio.app/Contents
    • Flutter plugin can be installed from:
      🔨
      https://plugins.jetbrains.com/plugin/9212-flu
      tter
    • Dart plugin can be installed from:
      🔨
      https://plugins.jetbrains.com/plugin/6351-dar
      t
    • Java version OpenJDK Runtime Environment
      (build 11.0.12+0-b1504.28-7817840)

[✓] IntelliJ IDEA Ultimate Edition (version
    2020.2.1)
    • IntelliJ at /Applications/IntelliJ IDEA.app
    • Flutter plugin can be installed from:
      🔨
      https://plugins.jetbrains.com/plugin/9212-flu
      tter
    • Dart plugin can be installed from:
      🔨
      https://plugins.jetbrains.com/plugin/6351-dar
      t

[✓] VS Code (version 1.73.0-insider)
    • VS Code at /Applications/Visual Studio Code -
      Insiders.app/Contents
    • Flutter extension version 3.50.0

[✓] Connected device (3 available)
    • SM S908N (mobile) • R3CT106K8CR •
      android-arm64  • Android 12 (API 31)
    • macOS (desktop)   • macos       •
      darwin-arm64   • macOS 12.6 21G115 darwin-arm
    • Chrome (web)      • chrome      •
      web-javascript • Google Chrome 106.0.5249.119

[✓] HTTP Host Availability
    • All required HTTP hosts are available

• No issues found!
```
